time=2026-04-02T11:46:32.298+08:00 level=ERROR source=D:/gocode/go-permission-system/internal/middleware/operation_audit.go:95 msg="operation audit persist failed" error="Error 1146 (42S02): Table 'permission_system.operation_logs' doesn't exist" path=/api/v1/auth/me
time=2026-04-02T11:46:33.262+08:00 level=ERROR source=D:/gocode/go-permission-system/internal/middleware/operation_audit.go:95 msg="operation audit persist failed" error="Error 1146 (42S02): Table 'permission_system.operation_logs' doesn't exist" path=/api/v1/roles
time=2026-04-02T11:46:33.263+08:00 level=ERROR source=D:/gocode/go-permission-system/internal/middleware/operation_audit.go:95 msg="operation audit persist failed" error="Error 1146 (42S02): Table 'permission_system.operation_logs' doesn't exist" path=/api/v1/users
time=2026-04-02T11:46:33.268+08:00 level=ERROR source=D:/gocode/go-permission-system/internal/middleware/operation_audit.go:95 msg="operation audit persist failed" error="Error 1146 (42S02): Table 'permission_system.operation_logs' doesn't exist" path=/api/v1/permissions
time=2026-04-02T11:46:33.276+08:00 level=ERROR source=D:/gocode/go-permission-system/internal/middleware/operation_audit.go:95 msg="operation audit persist failed" error="Error 1146 (42S02): Table 'permission_system.operation_logs' doesn't exist" path=/api/v1/policies
time=2026-04-02T11:46:33.300+08:00 level=ERROR source=D:/gocode/go-permission-system/internal/middleware/operation_audit.go:95 msg="operation audit persist failed" error="Error 1146 (42S02): Table 'permission_system.operation_logs' doesn't exist" path=/api/v1/roles
time=2026-04-02T11:46:33.305+08:00 level=ERROR source=D:/gocode/go-permission-system/internal/middleware/operation_audit.go:95 msg="operation audit persist failed" error="Error 1146 (42S02): Table 'permission_system.operation_logs' doesn't exist" path=/api/v1/users
time=2026-04-02T11:46:33.311+08:00 level=ERROR source=D:/gocode/go-permission-system/internal/middleware/operation_audit.go:95 msg="operation audit persist failed" error="Error 1146 (42S02): Table 'permission_system.operation_logs' doesn't exist" path=/api/v1/permissions
time=2026-04-02T11:46:33.321+08:00 level=ERROR source=D:/gocode/go-permission-system/internal/middleware/operation_audit.go:95 msg="operation audit persist failed" error="Error 1146 (42S02): Table 'permission_system.operation_logs' doesn't exist" path=/api/v1/policies
time=2026-04-02T11:46:51.543+08:00 level=ERROR source=D:/gocode/go-permission-system/internal/middleware/operation_audit.go:95 msg="operation audit persist failed" error="Error 1146 (42S02): Table 'permission_system.operation_logs' doesn't exist" path=/api/v1/roles
time=2026-04-02T11:46:51.545+08:00 level=ERROR source=D:/gocode/go-permission-system/internal/middleware/operation_audit.go:95 msg="operation audit persist failed" error="Error 1146 (42S02): Table 'permission_system.operation_logs' doesn't exist" path=/api/v1/users
time=2026-04-02T11:46:51.572+08:00 level=ERROR source=D:/gocode/go-permission-system/internal/middleware/operation_audit.go:95 msg="operation audit persist failed" error="Error 1146 (42S02): Table 'permission_system.operation_logs' doesn't exist" path=/api/v1/roles
time=2026-04-02T11:46:51.579+08:00 level=ERROR source=D:/gocode/go-permission-system/internal/middleware/operation_audit.go:95 msg="operation audit persist failed" error="Error 1146 (42S02): Table 'permission_system.operation_logs' doesn't exist" path=/api/v1/users
time=2026-04-02T11:46:54.172+08:00 level=ERROR source=D:/gocode/go-permission-system/internal/middleware/operation_audit.go:95 msg="operation audit persist failed" error="Error 1146 (42S02): Table 'permission_system.operation_logs' doesn't exist" path=/api/v1/roles
time=2026-04-02T11:46:54.177+08:00 level=ERROR source=D:/gocode/go-permission-system/internal/middleware/operation_audit.go:95 msg="operation audit persist failed" error="Error 1146 (42S02): Table 'permission_system.operation_logs' doesn't exist" path=/api/v1/users
time=2026-04-02T11:46:54.196+08:00 level=ERROR source=D:/gocode/go-permission-system/internal/middleware/operation_audit.go:95 msg="operation audit persist failed" error="Error 1146 (42S02): Table 'permission_system.operation_logs' doesn't exist" path=/api/v1/roles
time=2026-04-02T11:46:54.209+08:00 level=ERROR source=D:/gocode/go-permission-system/internal/middleware/operation_audit.go:95 msg="operation audit persist failed" error="Error 1146 (42S02): Table 'permission_system.operation_logs' doesn't exist" path=/api/v1/users
time=2026-04-02T11:46:56.442+08:00 level=ERROR source=D:/gocode/go-permission-system/internal/middleware/operation_audit.go:95 msg="operation audit persist failed" error="Error 1146 (42S02): Table 'permission_system.operation_logs' doesn't exist" path=/api/v1/roles/:id
time=2026-04-02T11:47:04.097+08:00 level=ERROR source=D:/gocode/go-permission-system/internal/middleware/operation_audit.go:95 msg="operation audit persist failed" error="Error 1146 (42S02): Table 'permission_system.operation_logs' doesn't exist" path=/api/v1/roles
time=2026-04-02T11:47:04.100+08:00 level=ERROR source=D:/gocode/go-permission-system/internal/middleware/operation_audit.go:95 msg="operation audit persist failed" error="Error 1146 (42S02): Table 'permission_system.operation_logs' doesn't exist" path=/api/v1/permissions
time=2026-04-02T11:47:04.126+08:00 level=ERROR source=D:/gocode/go-permission-system/internal/middleware/operation_audit.go:95 msg="operation audit persist failed" error="Error 1146 (42S02): Table 'permission_system.operation_logs' doesn't exist" path=/api/v1/roles
time=2026-04-02T11:47:04.132+08:00 level=ERROR source=D:/gocode/go-permission-system/internal/middleware/operation_audit.go:95 msg="operation audit persist failed" error="Error 1146 (42S02): Table 'permission_system.operation_logs' doesn't exist" path=/api/v1/permissions
time=2026-04-02T11:47:07.915+08:00 level=ERROR source=D:/gocode/go-permission-system/internal/middleware/operation_audit.go:95 msg="operation audit persist failed" error="Error 1146 (42S02): Table 'permission_system.operation_logs' doesn't exist" path=/api/v1/policies
time=2026-04-02T11:47:07.917+08:00 level=ERROR source=D:/gocode/go-permission-system/internal/middleware/operation_audit.go:95 msg="operation audit persist failed" error="Error 1146 (42S02): Table 'permission_system.operation_logs' doesn't exist" path=/api/v1/roles
time=2026-04-02T11:47:07.926+08:00 level=ERROR source=D:/gocode/go-permission-system/internal/middleware/operation_audit.go:95 msg="operation audit persist failed" error="Error 1146 (42S02): Table 'permission_system.operation_logs' doesn't exist" path=/api/v1/permissions
time=2026-04-02T11:47:07.946+08:00 level=ERROR source=D:/gocode/go-permission-system/internal/middleware/operation_audit.go:95 msg="operation audit persist failed" error="Error 1146 (42S02): Table 'permission_system.operation_logs' doesn't exist" path=/api/v1/policies
time=2026-04-02T11:47:07.961+08:00 level=ERROR source=D:/gocode/go-permission-system/internal/middleware/operation_audit.go:95 msg="operation audit persist failed" error="Error 1146 (42S02): Table 'permission_system.operation_logs' doesn't exist" path=/api/v1/roles
time=2026-04-02T11:47:07.971+08:00 level=ERROR source=D:/gocode/go-permission-system/internal/middleware/operation_audit.go:95 msg="operation audit persist failed" error="Error 1146 (42S02): Table 'permission_system.operation_logs' doesn't exist" path=/api/v1/permissions
time=2026-04-02T11:47:11.439+08:00 level=ERROR source=D:/gocode/go-permission-system/internal/middleware/operation_audit.go:95 msg="operation audit persist failed" error="Error 1146 (42S02): Table 'permission_system.operation_logs' doesn't exist" path=/api/v1/registrations
time=2026-04-02T11:47:11.460+08:00 level=ERROR source=D:/gocode/go-permission-system/internal/middleware/operation_audit.go:95 msg="operation audit persist failed" error="Error 1146 (42S02): Table 'permission_system.operation_logs' doesn't exist" path=/api/v1/registrations
time=2026-04-02T11:47:15.016+08:00 level=ERROR source=D:/gocode/go-permission-system/internal/middleware/operation_audit.go:95 msg="operation audit persist failed" error="Error 1146 (42S02): Table 'permission_system.operation_logs' doesn't exist" path=/api/v1/menus/tree
time=2026-04-02T11:47:15.035+08:00 level=ERROR source=D:/gocode/go-permission-system/internal/middleware/operation_audit.go:95 msg="operation audit persist failed" error="Error 1146 (42S02): Table 'permission_system.operation_logs' doesn't exist" path=/api/v1/menus/tree
time=2026-04-02T11:47:24.209+08:00 level=ERROR source=D:/gocode/go-permission-system/internal/middleware/operation_audit.go:95 msg="operation audit persist failed" error="Error 1146 (42S02): Table 'permission_system.operation_logs' doesn't exist" path=/api/v1/login-logs
time=2026-04-02T11:47:24.209+08:00 level=ERROR source=D:/gocode/go-permission-system/internal/middleware/request_logger.go:28 msg="http request completed" method=GET path=/api/v1/login-logs status=500 latency=7.1758ms client_ip=127.0.0.1
time=2026-04-02T11:47:24.232+08:00 level=ERROR source=D:/gocode/go-permission-system/internal/middleware/operation_audit.go:95 msg="operation audit persist failed" error="Error 1146 (42S02): Table 'permission_system.operation_logs' doesn't exist" path=/api/v1/login-logs
time=2026-04-02T11:47:24.232+08:00 level=ERROR source=D:/gocode/go-permission-system/internal/middleware/request_logger.go:28 msg="http request completed" method=GET path=/api/v1/login-logs status=500 latency=11.037ms client_ip=127.0.0.1
time=2026-04-02T11:47:33.062+08:00 level=ERROR source=D:/gocode/go-permission-system/internal/middleware/operation_audit.go:95 msg="operation audit persist failed" error="Error 1146 (42S02): Table 'permission_system.operation_logs' doesn't exist" path=/api/v1/operation-logs
time=2026-04-02T11:47:33.062+08:00 level=ERROR source=D:/gocode/go-permission-system/internal/middleware/request_logger.go:28 msg="http request completed" method=GET path=/api/v1/operation-logs status=500 latency=6.014ms client_ip=127.0.0.1
time=2026-04-02T11:47:33.076+08:00 level=ERROR source=D:/gocode/go-permission-system/internal/middleware/operation_audit.go:95 msg="operation audit persist failed" error="Error 1146 (42S02): Table 'permission_system.operation_logs' doesn't exist" path=/api/v1/operation-logs
time=2026-04-02T11:47:33.076+08:00 level=ERROR source=D:/gocode/go-permission-system/internal/middleware/request_logger.go:28 msg="http request completed" method=GET path=/api/v1/operation-logs status=500 latency=9.2517ms client_ip=127.0.0.1
time=2026-04-02T11:47:35.025+08:00 level=ERROR source=D:/gocode/go-permission-system/internal/middleware/operation_audit.go:95 msg="operation audit persist failed" error="Error 1146 (42S02): Table 'permission_system.operation_logs' doesn't exist" path=/api/v1/login-logs
time=2026-04-02T11:47:35.025+08:00 level=ERROR source=D:/gocode/go-permission-system/internal/middleware/request_logger.go:28 msg="http request completed" method=GET path=/api/v1/login-logs status=500 latency=8.3224ms client_ip=127.0.0.1
time=2026-04-02T11:47:35.039+08:00 level=ERROR source=D:/gocode/go-permission-system/internal/middleware/operation_audit.go:95 msg="operation audit persist failed" error="Error 1146 (42S02): Table 'permission_system.operation_logs' doesn't exist" path=/api/v1/login-logs
time=2026-04-02T11:47:35.039+08:00 level=ERROR source=D:/gocode/go-permission-system/internal/middleware/request_logger.go:28 msg="http request completed" method=GET path=/api/v1/login-logs status=500 latency=8.8515ms client_ip=127.0.0.1
time=2026-04-02T11:48:11.304+08:00 level=ERROR source=D:/gocode/go-permission-system/internal/middleware/operation_audit.go:95 msg="operation audit persist failed" error="Error 1146 (42S02): Table 'permission_system.operation_logs' doesn't exist" path=/api/v1/menus/tree
time=2026-04-02T11:48:11.329+08:00 level=ERROR source=D:/gocode/go-permission-system/internal/middleware/operation_audit.go:95 msg="operation audit persist failed" error="Error 1146 (42S02): Table 'permission_system.operation_logs' doesn't exist" path=/api/v1/menus/tree
time=2026-04-02T11:48:12.205+08:00 level=ERROR source=D:/gocode/go-permission-system/internal/middleware/operation_audit.go:95 msg="operation audit persist failed" error="Error 1146 (42S02): Table 'permission_system.operation_logs' doesn't exist" path=/api/v1/login-logs
time=2026-04-02T11:48:12.206+08:00 level=ERROR source=D:/gocode/go-permission-system/internal/middleware/request_logger.go:28 msg="http request completed" method=GET path=/api/v1/login-logs status=500 latency=6.1309ms client_ip=127.0.0.1
time=2026-04-02T11:48:12.223+08:00 level=ERROR source=D:/gocode/go-permission-system/internal/middleware/operation_audit.go:95 msg="operation audit persist failed" error="Error 1146 (42S02): Table 'permission_system.operation_logs' doesn't exist" path=/api/v1/login-logs
time=2026-04-02T11:48:12.223+08:00 level=ERROR source=D:/gocode/go-permission-system/internal/middleware/request_logger.go:28 msg="http request completed" method=GET path=/api/v1/login-logs status=500 latency=10.179ms client_ip=127.0.0.1
