time=2026-04-01T19:52:08.367+08:00 level=INFO source=D:/gocode/go-permission-system/internal/pkg/logger/gorm_logger.go:86 msg="SQL query" duration=1.1157ms rows=-1 sql="SELECT DATABASE()"
time=2026-04-01T19:52:08.394+08:00 level=INFO source=D:/gocode/go-permission-system/internal/pkg/logger/gorm_logger.go:86 msg="SQL query" duration=1.0584ms rows=1 sql="SELECT SCHEMA_NAME from Information_schema.SCHEMATA where SCHEMA_NAME LIKE 'permission_system%' ORDER BY SCHEMA_NAME='permission_system' DESC,SCHEMA_NAME limit 1"
time=2026-04-01T19:52:08.394+08:00 level=INFO source=D:/gocode/go-permission-system/internal/pkg/logger/gorm_logger.go:86 msg="SQL query" duration=0s rows=-1 sql="SELECT count(*) FROM information_schema.tables WHERE table_schema = 'permission_system' AND table_name = 'casbin_rule' AND table_type = 'BASE TABLE'"
time=2026-04-01T19:52:08.396+08:00 level=INFO source=D:/gocode/go-permission-system/internal/pkg/logger/gorm_logger.go:86 msg="SQL query" duration=0s rows=-1 sql="SELECT DATABASE()"
time=2026-04-01T19:52:08.397+08:00 level=INFO source=D:/gocode/go-permission-system/internal/pkg/logger/gorm_logger.go:86 msg="SQL query" duration=1.1372ms rows=1 sql="SELECT SCHEMA_NAME from Information_schema.SCHEMATA where SCHEMA_NAME LIKE 'permission_system%' ORDER BY SCHEMA_NAME='permission_system' DESC,SCHEMA_NAME limit 1"
time=2026-04-01T19:52:08.397+08:00 level=INFO source=D:/gocode/go-permission-system/internal/pkg/logger/gorm_logger.go:86 msg="SQL query" duration=520.4µs rows=-1 sql="SELECT * FROM `casbin_rule` LIMIT 1"
time=2026-04-01T19:52:08.399+08:00 level=INFO source=D:/gocode/go-permission-system/internal/pkg/logger/gorm_logger.go:86 msg="SQL query" duration=1.0238ms rows=-1 sql="SELECT column_name, column_default, is_nullable = 'YES', data_type, character_maximum_length, column_type, column_key, extra, column_comment, numeric_precision, numeric_scale , datetime_precision FROM information_schema.columns WHERE table_schema = 'permission_system' AND table_name = 'casbin_rule' ORDER BY ORDINAL_POSITION"
time=2026-04-01T19:52:08.399+08:00 level=INFO source=D:/gocode/go-permission-system/internal/pkg/logger/gorm_logger.go:86 msg="SQL query" duration=0s rows=-1 sql="SELECT DATABASE()"
time=2026-04-01T19:52:08.401+08:00 level=INFO source=D:/gocode/go-permission-system/internal/pkg/logger/gorm_logger.go:86 msg="SQL query" duration=698.5µs rows=1 sql="SELECT SCHEMA_NAME from Information_schema.SCHEMATA where SCHEMA_NAME LIKE 'permission_system%' ORDER BY SCHEMA_NAME='permission_system' DESC,SCHEMA_NAME limit 1"
time=2026-04-01T19:52:08.401+08:00 level=INFO source=D:/gocode/go-permission-system/internal/pkg/logger/gorm_logger.go:86 msg="SQL query" duration=0s rows=-1 sql="SELECT count(*) FROM information_schema.statistics WHERE table_schema = 'permission_system' AND table_name = 'casbin_rule' AND index_name = 'idx_casbin_rule'"
time=2026-04-01T19:52:08.403+08:00 level=INFO source=D:/gocode/go-permission-system/internal/pkg/logger/gorm_logger.go:86 msg="SQL query" duration=644.6µs rows=22 sql="SELECT * FROM `casbin_rule` ORDER BY ID"
time=2026-04-01T19:52:08.403+08:00 level=INFO source=D:/gocode/go-permission-system/internal/pkg/logger/gorm_logger.go:86 msg="SQL query" duration=0s rows=22 sql="SELECT * FROM `casbin_rule` ORDER BY ID"
time=2026-04-01T19:52:21.129+08:00 level=INFO source=D:/gocode/go-permission-system/internal/pkg/logger/gorm_logger.go:86 msg="SQL query" duration=0s rows=1 sql="SELECT * FROM `user_roles` WHERE `user_roles`.`user_id` = 1"
time=2026-04-01T19:52:21.132+08:00 level=INFO source=D:/gocode/go-permission-system/internal/pkg/logger/gorm_logger.go:86 msg="SQL query" duration=1.1016ms rows=1 sql="SELECT * FROM `roles` WHERE `roles`.`id` = 1 AND `roles`.`deleted_at` IS NULL"
time=2026-04-01T19:52:21.132+08:00 level=INFO source=D:/gocode/go-permission-system/internal/pkg/logger/gorm_logger.go:86 msg="SQL query" duration=4.3195ms rows=1 sql="SELECT * FROM `users` WHERE `users`.`id` = 1 AND `users`.`deleted_at` IS NULL ORDER BY `users`.`id` LIMIT 1"
time=2026-04-01T19:52:21.132+08:00 level=INFO source=D:/gocode/go-permission-system/internal/pkg/logger/gorm_logger.go:86 msg="SQL query" duration=545.6µs rows=1 sql="SELECT * FROM `user_roles` WHERE `user_roles`.`user_id` = 1"
time=2026-04-01T19:52:21.133+08:00 level=INFO source=D:/gocode/go-permission-system/internal/pkg/logger/gorm_logger.go:86 msg="SQL query" duration=664.1µs rows=1 sql="SELECT count(*) FROM `users` WHERE `users`.`deleted_at` IS NULL"
time=2026-04-01T19:52:21.133+08:00 level=INFO source=D:/gocode/go-permission-system/internal/pkg/logger/gorm_logger.go:86 msg="SQL query" duration=664.1µs rows=1 sql="SELECT * FROM `roles` WHERE `roles`.`id` = 1 AND `roles`.`deleted_at` IS NULL"
time=2026-04-01T19:52:21.134+08:00 level=INFO source=D:/gocode/go-permission-system/internal/pkg/logger/gorm_logger.go:86 msg="SQL query" duration=6.0569ms rows=1 sql="SELECT * FROM `users` WHERE `users`.`id` = 1 AND `users`.`deleted_at` IS NULL ORDER BY `users`.`id` LIMIT 1"
time=2026-04-01T19:52:21.135+08:00 level=INFO source=D:/gocode/go-permission-system/internal/pkg/logger/gorm_logger.go:86 msg="SQL query" duration=515.9µs rows=2 sql="SELECT * FROM `user_roles` WHERE `user_roles`.`user_id` IN (2,1)"
time=2026-04-01T19:52:21.136+08:00 level=INFO source=D:/gocode/go-permission-system/internal/pkg/logger/gorm_logger.go:86 msg="SQL query" duration=596.3µs rows=1 sql="SELECT count(*) FROM `roles` WHERE `roles`.`deleted_at` IS NULL"
time=2026-04-01T19:52:21.137+08:00 level=INFO source=D:/gocode/go-permission-system/internal/pkg/logger/gorm_logger.go:86 msg="SQL query" duration=1.0955ms rows=2 sql="SELECT * FROM `roles` WHERE `roles`.`deleted_at` IS NULL ORDER BY id DESC LIMIT 10"
time=2026-04-01T19:52:21.137+08:00 level=INFO source=D:/gocode/go-permission-system/internal/pkg/logger/gorm_logger.go:86 msg="SQL query" duration=1.0955ms rows=2 sql="SELECT * FROM `roles` WHERE `roles`.`id` IN (1,2) AND `roles`.`deleted_at` IS NULL"
time=2026-04-01T19:52:21.137+08:00 level=INFO source=D:/gocode/go-permission-system/internal/pkg/logger/gorm_logger.go:86 msg="SQL query" duration=3.2644ms rows=2 sql="SELECT * FROM `users` WHERE `users`.`deleted_at` IS NULL ORDER BY id DESC LIMIT 100"
time=2026-04-01T19:52:21.152+08:00 level=INFO source=D:/gocode/go-permission-system/internal/pkg/logger/gorm_logger.go:86 msg="SQL query" duration=2.0184ms rows=1 sql="SELECT * FROM `user_roles` WHERE `user_roles`.`user_id` = 1"
time=2026-04-01T19:52:21.154+08:00 level=INFO source=D:/gocode/go-permission-system/internal/pkg/logger/gorm_logger.go:86 msg="SQL query" duration=654.4µs rows=1 sql="SELECT * FROM `roles` WHERE `roles`.`id` = 1 AND `roles`.`deleted_at` IS NULL"
time=2026-04-01T19:52:21.154+08:00 level=INFO source=D:/gocode/go-permission-system/internal/pkg/logger/gorm_logger.go:86 msg="SQL query" duration=520µs rows=1 sql="SELECT * FROM `user_roles` WHERE `user_roles`.`user_id` = 1"
time=2026-04-01T19:52:21.155+08:00 level=INFO source=D:/gocode/go-permission-system/internal/pkg/logger/gorm_logger.go:86 msg="SQL query" duration=8.0356ms rows=1 sql="SELECT * FROM `users` WHERE `users`.`id` = 1 AND `users`.`deleted_at` IS NULL ORDER BY `users`.`id` LIMIT 1"
time=2026-04-01T19:52:21.157+08:00 level=INFO source=D:/gocode/go-permission-system/internal/pkg/logger/gorm_logger.go:86 msg="SQL query" duration=1.7225ms rows=1 sql="SELECT * FROM `roles` WHERE `roles`.`id` = 1 AND `roles`.`deleted_at` IS NULL"
time=2026-04-01T19:52:21.158+08:00 level=INFO source=D:/gocode/go-permission-system/internal/pkg/logger/gorm_logger.go:86 msg="SQL query" duration=5.1582ms rows=1 sql="SELECT * FROM `users` WHERE `users`.`id` = 1 AND `users`.`deleted_at` IS NULL ORDER BY `users`.`id` LIMIT 1"
time=2026-04-01T19:52:21.158+08:00 level=INFO source=D:/gocode/go-permission-system/internal/pkg/logger/gorm_logger.go:86 msg="SQL query" duration=523.8µs rows=1 sql="SELECT count(*) FROM `roles` WHERE `roles`.`deleted_at` IS NULL"
time=2026-04-01T19:52:21.159+08:00 level=INFO source=D:/gocode/go-permission-system/internal/pkg/logger/gorm_logger.go:86 msg="SQL query" duration=0s rows=1 sql="SELECT count(*) FROM `users` WHERE `users`.`deleted_at` IS NULL"
time=2026-04-01T19:52:21.160+08:00 level=INFO source=D:/gocode/go-permission-system/internal/pkg/logger/gorm_logger.go:86 msg="SQL query" duration=996.9µs rows=2 sql="SELECT * FROM `roles` WHERE `roles`.`deleted_at` IS NULL ORDER BY id DESC LIMIT 10"
time=2026-04-01T19:52:21.161+08:00 level=INFO source=D:/gocode/go-permission-system/internal/pkg/logger/gorm_logger.go:86 msg="SQL query" duration=0s rows=2 sql="SELECT * FROM `user_roles` WHERE `user_roles`.`user_id` IN (2,1)"
time=2026-04-01T19:52:21.164+08:00 level=INFO source=D:/gocode/go-permission-system/internal/pkg/logger/gorm_logger.go:86 msg="SQL query" duration=1.9982ms rows=2 sql="SELECT * FROM `roles` WHERE `roles`.`id` IN (1,2) AND `roles`.`deleted_at` IS NULL"
time=2026-04-01T19:52:21.165+08:00 level=INFO source=D:/gocode/go-permission-system/internal/pkg/logger/gorm_logger.go:86 msg="SQL query" duration=4.9904ms rows=2 sql="SELECT * FROM `users` WHERE `users`.`deleted_at` IS NULL ORDER BY id DESC LIMIT 100"
time=2026-04-01T19:52:28.201+08:00 level=INFO source=D:/gocode/go-permission-system/internal/pkg/logger/gorm_logger.go:86 msg="SQL query" duration=775.8µs rows=1 sql="SELECT * FROM `user_roles` WHERE `user_roles`.`user_id` = 1"
time=2026-04-01T19:52:28.201+08:00 level=INFO source=D:/gocode/go-permission-system/internal/pkg/logger/gorm_logger.go:86 msg="SQL query" duration=513.3µs rows=1 sql="SELECT * FROM `roles` WHERE `roles`.`id` = 1 AND `roles`.`deleted_at` IS NULL"
time=2026-04-01T19:52:28.202+08:00 level=INFO source=D:/gocode/go-permission-system/internal/pkg/logger/gorm_logger.go:86 msg="SQL query" duration=2.5577ms rows=1 sql="SELECT * FROM `users` WHERE `users`.`id` = 1 AND `users`.`deleted_at` IS NULL ORDER BY `users`.`id` LIMIT 1"
time=2026-04-01T19:52:28.204+08:00 level=INFO source=D:/gocode/go-permission-system/internal/pkg/logger/gorm_logger.go:86 msg="SQL query" duration=313.6µs rows=1 sql="SELECT * FROM `user_roles` WHERE `user_roles`.`user_id` = 1"
time=2026-04-01T19:52:28.205+08:00 level=INFO source=D:/gocode/go-permission-system/internal/pkg/logger/gorm_logger.go:86 msg="SQL query" duration=967.6µs rows=1 sql="SELECT * FROM `roles` WHERE `roles`.`id` = 1 AND `roles`.`deleted_at` IS NULL"
time=2026-04-01T19:52:28.205+08:00 level=INFO source=D:/gocode/go-permission-system/internal/pkg/logger/gorm_logger.go:86 msg="SQL query" duration=2.0344ms rows=1 sql="SELECT * FROM `users` WHERE `users`.`id` = 1 AND `users`.`deleted_at` IS NULL ORDER BY `users`.`id` LIMIT 1"
time=2026-04-01T19:52:28.206+08:00 level=INFO source=D:/gocode/go-permission-system/internal/pkg/logger/gorm_logger.go:86 msg="SQL query" duration=623.1µs rows=2 sql="SELECT * FROM `roles` WHERE id IN (1,2) AND `roles`.`deleted_at` IS NULL"
time=2026-04-01T19:52:28.208+08:00 level=INFO source=D:/gocode/go-permission-system/internal/pkg/logger/gorm_logger.go:86 msg="SQL query" duration=1.6378ms rows=0 sql="INSERT INTO `roles` (`name`,`code`,`description`,`status`,`created_at`,`updated_at`,`deleted_at`,`id`) VALUES ('Super Admin','super-admin','Built-in administrator role with full access.',1,'2026-04-01 15:52:47.696','2026-04-01 15:52:47.696',NULL,1),('查看用户权限','view-user','查看用户权限',1,'2026-04-01 18:01:15.746','2026-04-01 18:07:06.852',NULL,2) ON DUPLICATE KEY UPDATE `id`=`id`"
time=2026-04-01T19:52:28.211+08:00 level=INFO source=D:/gocode/go-permission-system/internal/pkg/logger/gorm_logger.go:86 msg="SQL query" duration=1.1813ms rows=1 sql="INSERT INTO `user_roles` (`user_id`,`role_id`,`created_at`) VALUES (1,1,'2026-04-01 19:52:28.209'),(1,2,'2026-04-01 19:52:28.209') ON DUPLICATE KEY UPDATE `user_id`=`user_id`"
time=2026-04-01T19:52:28.214+08:00 level=INFO source=D:/gocode/go-permission-system/internal/pkg/logger/gorm_logger.go:86 msg="SQL query" duration=8.1177ms rows=1 sql="UPDATE `users` SET `updated_at`='2026-04-01 19:52:28.207' WHERE `users`.`deleted_at` IS NULL AND `id` = 1"
time=2026-04-01T19:52:28.217+08:00 level=INFO source=D:/gocode/go-permission-system/internal/pkg/logger/gorm_logger.go:86 msg="SQL query" duration=2.9844ms rows=0 sql="DELETE FROM `user_roles` WHERE `user_roles`.`user_id` = 1 AND `user_roles`.`role_id` NOT IN (1,2)"
time=2026-04-01T19:52:28.223+08:00 level=INFO source=D:/gocode/go-permission-system/internal/pkg/logger/gorm_logger.go:86 msg="SQL query" duration=4.416ms rows=1 sql="DELETE FROM `casbin_rule` WHERE ptype = 'g' and v0 = 'user:1'"
time=2026-04-01T19:52:28.225+08:00 level=INFO source=D:/gocode/go-permission-system/internal/pkg/logger/gorm_logger.go:86 msg="SQL query" duration=2.4873ms rows=1 sql="INSERT INTO `casbin_rule` (`ptype`,`v0`,`v1`,`v2`,`v3`,`v4`,`v5`) VALUES ('g','user:1','super-admin','','','','') ON DUPLICATE KEY UPDATE `id`=`id`"
time=2026-04-01T19:52:28.227+08:00 level=INFO source=D:/gocode/go-permission-system/internal/pkg/logger/gorm_logger.go:86 msg="SQL query" duration=2.0373ms rows=1 sql="INSERT INTO `casbin_rule` (`ptype`,`v0`,`v1`,`v2`,`v3`,`v4`,`v5`) VALUES ('g','user:1','view-user','','','','') ON DUPLICATE KEY UPDATE `id`=`id`"
time=2026-04-01T19:52:28.239+08:00 level=INFO source=D:/gocode/go-permission-system/internal/pkg/logger/gorm_logger.go:86 msg="SQL query" duration=524.7µs rows=2 sql="SELECT * FROM `user_roles` WHERE `user_roles`.`user_id` = 1"
time=2026-04-01T19:52:28.240+08:00 level=INFO source=D:/gocode/go-permission-system/internal/pkg/logger/gorm_logger.go:86 msg="SQL query" duration=527.7µs rows=2 sql="SELECT * FROM `roles` WHERE `roles`.`id` IN (1,2) AND `roles`.`deleted_at` IS NULL"
time=2026-04-01T19:52:28.240+08:00 level=INFO source=D:/gocode/go-permission-system/internal/pkg/logger/gorm_logger.go:86 msg="SQL query" duration=2.115ms rows=1 sql="SELECT * FROM `users` WHERE `users`.`id` = 1 AND `users`.`deleted_at` IS NULL ORDER BY `users`.`id` LIMIT 1"
time=2026-04-01T19:52:28.241+08:00 level=INFO source=D:/gocode/go-permission-system/internal/pkg/logger/gorm_logger.go:86 msg="SQL query" duration=0s rows=1 sql="SELECT count(*) FROM `users` WHERE `users`.`deleted_at` IS NULL"
time=2026-04-01T19:52:28.243+08:00 level=INFO source=D:/gocode/go-permission-system/internal/pkg/logger/gorm_logger.go:86 msg="SQL query" duration=1.1036ms rows=3 sql="SELECT * FROM `user_roles` WHERE `user_roles`.`user_id` IN (2,1)"
time=2026-04-01T19:52:28.247+08:00 level=INFO source=D:/gocode/go-permission-system/internal/pkg/logger/gorm_logger.go:86 msg="SQL query" duration=2.7077ms rows=2 sql="SELECT * FROM `roles` WHERE `roles`.`id` IN (1,2) AND `roles`.`deleted_at` IS NULL"
time=2026-04-01T19:52:28.248+08:00 level=INFO source=D:/gocode/go-permission-system/internal/pkg/logger/gorm_logger.go:86 msg="SQL query" duration=6.7092ms rows=2 sql="SELECT * FROM `users` WHERE `users`.`deleted_at` IS NULL ORDER BY id DESC LIMIT 100"
